# project divvy (0.9) configured on Tue Dec  8 23:05:52 2015 by
# waf 1.6.11 (abi 98, python 2070af0 on linux2)
# using ./waf configure
#
----------------------------------------
Setting top to
/home/grudra7714/divvy-master
----------------------------------------
Setting out to
/home/grudra7714/divvy-master/build
----------------------------------------
Checking for 'gcc' (c compiler)
find program=['gcc', 'cc'] paths=['/home/grudra7714/mpj//bin', '/usr/local/sbin', '/usr/local/bin', '/usr/sbin', '/usr/bin', '/sbin', '/bin', '/usr/games', '/usr/local/games', '/usr/local/hadoop/bin', '/usr/local/hadoop/bin', '/bin', '/usr/local/hadoop/sbin'] var='CC' -> '/usr/bin/gcc'
find program=['ar'] paths=['/home/grudra7714/mpj//bin', '/usr/local/sbin', '/usr/local/bin', '/usr/sbin', '/usr/bin', '/sbin', '/bin', '/usr/games', '/usr/local/games', '/usr/local/hadoop/bin', '/usr/local/hadoop/bin', '/bin', '/usr/local/hadoop/sbin'] var='AR' -> '/usr/bin/ar'
/usr/bin/gcc
----------------------------------------
Checking for program mpicc
/usr/bin/mpicc
find program=['mpicc'] paths=['/home/grudra7714/mpj//bin', '/usr/local/sbin', '/usr/local/bin', '/usr/sbin', '/usr/bin', '/sbin', '/bin', '/usr/games', '/usr/local/games', '/usr/local/hadoop/bin', '/usr/local/hadoop/bin', '/bin', '/usr/local/hadoop/sbin'] var='MPICC' -> '/usr/bin/mpicc'
----------------------------------------
Checking for function ceil
==>
#include <math.h>

	int main() {
	void *p;
	p=(void*)(ceil);
	return 0;
}

<==
[1/2] [32mc: build/.conf_check_0f1cfaa092c9dcbd326e811371a6e9d8/test.c -> build/.conf_check_0f1cfaa092c9dcbd326e811371a6e9d8/testbuild/test.c.1.o
[0m
['/usr/bin/gcc', '../test.c', '-c', '-o', 'test.c.1.o']
[2/2] [33mcprogram: build/.conf_check_0f1cfaa092c9dcbd326e811371a6e9d8/testbuild/test.c.1.o -> build/.conf_check_0f1cfaa092c9dcbd326e811371a6e9d8/testbuild/testprog
[0m
['/usr/bin/gcc', 'test.c.1.o', '-o', '/home/grudra7714/divvy-master/build/.conf_check_0f1cfaa092c9dcbd326e811371a6e9d8/testbuild/testprog', '-Wl,-Bstatic', '-Wl,-Bdynamic', '-lm']
yes
----------------------------------------
Checking for library crypto
==>

int main() {
	return 0;
}

<==
[1/2] [32mc: build/.conf_check_1da3d786b227291bb42380727d230e35/test.c -> build/.conf_check_1da3d786b227291bb42380727d230e35/testbuild/test.c.1.o
[0m
['/usr/bin/gcc', '-DHAVE_CEIL=1', '../test.c', '-c', '-o', 'test.c.1.o']
[2/2] [33mcprogram: build/.conf_check_1da3d786b227291bb42380727d230e35/testbuild/test.c.1.o -> build/.conf_check_1da3d786b227291bb42380727d230e35/testbuild/testprog
[0m
['/usr/bin/gcc', 'test.c.1.o', '-o', '/home/grudra7714/divvy-master/build/.conf_check_1da3d786b227291bb42380727d230e35/testbuild/testprog', '-Wl,-Bstatic', '-Wl,-Bdynamic', '-lcrypto']
yes
----------------------------------------
Checking for function SHA1
==>
#include <openssl/sha.h>

	int main() {
	void *p;
	p=(void*)(SHA1);
	return 0;
}

<==
[1/2] [32mc: build/.conf_check_76ce84244d5c57d50a3427a2f42be410/test.c -> build/.conf_check_76ce84244d5c57d50a3427a2f42be410/testbuild/test.c.1.o
[0m
['/usr/bin/gcc', '-DHAVE_CEIL=1', '../test.c', '-c', '-o', 'test.c.1.o']
[2/2] [33mcprogram: build/.conf_check_76ce84244d5c57d50a3427a2f42be410/testbuild/test.c.1.o -> build/.conf_check_76ce84244d5c57d50a3427a2f42be410/testbuild/testprog
[0m
['/usr/bin/gcc', 'test.c.1.o', '-o', '/home/grudra7714/divvy-master/build/.conf_check_76ce84244d5c57d50a3427a2f42be410/testbuild/testprog', '-Wl,-Bstatic', '-Wl,-Bdynamic', '-lcrypto']
yes
----------------------------------------
Checking for 'mpicc'
['mpicc', '-show']
out: gcc -I/usr/lib/openmpi/include -I/usr/lib/openmpi/include/openmpi -pthread -L/usr//lib -L/usr/lib/openmpi/lib -lmpi -ldl -lhwloc

yes
----------------------------------------
Checking for program pkg-config
/usr/bin/pkg-config
find program=['pkg-config'] paths=['/home/grudra7714/mpj//bin', '/usr/local/sbin', '/usr/local/bin', '/usr/sbin', '/usr/bin', '/sbin', '/bin', '/usr/games', '/usr/local/games', '/usr/local/hadoop/bin', '/usr/local/hadoop/bin', '/bin', '/usr/local/hadoop/sbin'] var='PKGCONFIG' -> '/usr/bin/pkg-config'
----------------------------------------
Checking for 'libpcre'
['/usr/bin/pkg-config', 'libpcre', '--cflags', '--libs']
out: -lpcre 

yes
